Symfony\Component\DependencyInjection\Compiler\ResolveDefinitionTemplatesPass: Resolving inheritance for "templating.asset.default_package" (parent: templating.asset.path_package).
Symfony\Component\DependencyInjection\Compiler\ResolveDefinitionTemplatesPass: Resolving inheritance for "security.user.provider.concrete.usuario_db" (parent: doctrine.orm.security.user.provider).
Symfony\Component\DependencyInjection\Compiler\ResolveDefinitionTemplatesPass: Resolving inheritance for "security.context_listener.0" (parent: security.context_listener).
Symfony\Component\DependencyInjection\Compiler\ResolveDefinitionTemplatesPass: Resolving inheritance for "security.logout_listener.area_seguridad" (parent: security.logout_listener).
Symfony\Component\DependencyInjection\Compiler\ResolveDefinitionTemplatesPass: Resolving inheritance for "security.logout.success_handler.area_seguridad" (parent: security.logout.success_handler).
Symfony\Component\DependencyInjection\Compiler\ResolveDefinitionTemplatesPass: Resolving inheritance for "security.authentication.provider.dao.area_seguridad" (parent: security.authentication.provider.dao).
Symfony\Component\DependencyInjection\Compiler\ResolveDefinitionTemplatesPass: Resolving inheritance for "security.authentication.success_handler.area_seguridad.form_login" (parent: security.authentication.success_handler).
Symfony\Component\DependencyInjection\Compiler\ResolveDefinitionTemplatesPass: Resolving inheritance for "security.authentication.failure_handler.area_seguridad.form_login" (parent: security.authentication.failure_handler).
Symfony\Component\DependencyInjection\Compiler\ResolveDefinitionTemplatesPass: Resolving inheritance for "security.authentication.listener.form" (parent: security.authentication.listener.abstract).
Symfony\Component\DependencyInjection\Compiler\ResolveDefinitionTemplatesPass: Resolving inheritance for "security.authentication.listener.form.area_seguridad" (parent: security.authentication.listener.form).
Symfony\Component\DependencyInjection\Compiler\ResolveDefinitionTemplatesPass: Resolving inheritance for "security.authentication.form_entry_point.area_seguridad" (parent: security.authentication.form_entry_point).
Symfony\Component\DependencyInjection\Compiler\ResolveDefinitionTemplatesPass: Resolving inheritance for "security.authentication.provider.rememberme.area_seguridad" (parent: security.authentication.provider.rememberme).
Symfony\Component\DependencyInjection\Compiler\ResolveDefinitionTemplatesPass: Resolving inheritance for "security.authentication.rememberme.services.simplehash" (parent: security.authentication.rememberme.services.abstract).
Symfony\Component\DependencyInjection\Compiler\ResolveDefinitionTemplatesPass: Resolving inheritance for "security.authentication.rememberme.services.simplehash.area_seguridad" (parent: security.authentication.rememberme.services.simplehash).
Symfony\Component\DependencyInjection\Compiler\ResolveDefinitionTemplatesPass: Resolving inheritance for "security.authentication.listener.rememberme.area_seguridad" (parent: security.authentication.listener.rememberme).
Symfony\Component\DependencyInjection\Compiler\ResolveDefinitionTemplatesPass: Resolving inheritance for "security.authentication.listener.anonymous.area_seguridad" (parent: security.authentication.listener.anonymous).
Symfony\Component\DependencyInjection\Compiler\ResolveDefinitionTemplatesPass: Resolving inheritance for "security.authentication.provider.anonymous.area_seguridad" (parent: security.authentication.provider.anonymous).
Symfony\Component\DependencyInjection\Compiler\ResolveDefinitionTemplatesPass: Resolving inheritance for "security.exception_listener.area_seguridad" (parent: security.exception_listener).
Symfony\Component\DependencyInjection\Compiler\ResolveDefinitionTemplatesPass: Resolving inheritance for "security.firewall.map.context.area_seguridad" (parent: security.firewall.context).
Symfony\Component\DependencyInjection\Compiler\ResolveDefinitionTemplatesPass: Resolving inheritance for "monolog.logger" (parent: monolog.logger_prototype).
Symfony\Component\DependencyInjection\Compiler\ResolveDefinitionTemplatesPass: Resolving inheritance for "doctrine.dbal.default_connection.configuration" (parent: doctrine.dbal.connection.configuration).
Symfony\Component\DependencyInjection\Compiler\ResolveDefinitionTemplatesPass: Resolving inheritance for "doctrine.dbal.logger.profiling.default" (parent: doctrine.dbal.logger.profiling).
Symfony\Component\DependencyInjection\Compiler\ResolveDefinitionTemplatesPass: Resolving inheritance for "doctrine.dbal.logger.chain.default" (parent: doctrine.dbal.logger.chain).
Symfony\Component\DependencyInjection\Compiler\ResolveDefinitionTemplatesPass: Resolving inheritance for "doctrine.dbal.default_connection.event_manager" (parent: doctrine.dbal.connection.event_manager).
Symfony\Component\DependencyInjection\Compiler\ResolveDefinitionTemplatesPass: Resolving inheritance for "doctrine.dbal.default_connection" (parent: doctrine.dbal.connection).
Symfony\Component\DependencyInjection\Compiler\ResolveDefinitionTemplatesPass: Resolving inheritance for "doctrine.orm.default_configuration" (parent: doctrine.orm.configuration).
Symfony\Component\DependencyInjection\Compiler\ResolveDefinitionTemplatesPass: Resolving inheritance for "doctrine.orm.default_manager_configurator" (parent: doctrine.orm.manager_configurator.abstract).
Symfony\Component\DependencyInjection\Compiler\ResolveDefinitionTemplatesPass: Resolving inheritance for "doctrine.orm.default_entity_manager" (parent: doctrine.orm.entity_manager.abstract).
Symfony\Component\DependencyInjection\Compiler\ResolveDefinitionTemplatesPass: Resolving inheritance for "monolog.logger.request" (parent: monolog.logger_prototype).
Symfony\Component\DependencyInjection\Compiler\ResolveDefinitionTemplatesPass: Resolving inheritance for "monolog.logger.emergency" (parent: monolog.logger_prototype).
Symfony\Component\DependencyInjection\Compiler\ResolveDefinitionTemplatesPass: Resolving inheritance for "monolog.logger.event" (parent: monolog.logger_prototype).
Symfony\Component\DependencyInjection\Compiler\ResolveDefinitionTemplatesPass: Resolving inheritance for "monolog.logger.deprecation" (parent: monolog.logger_prototype).
Symfony\Component\DependencyInjection\Compiler\ResolveDefinitionTemplatesPass: Resolving inheritance for "monolog.logger.templating" (parent: monolog.logger_prototype).
Symfony\Component\DependencyInjection\Compiler\ResolveDefinitionTemplatesPass: Resolving inheritance for "monolog.logger.router" (parent: monolog.logger_prototype).
Symfony\Component\DependencyInjection\Compiler\ResolveDefinitionTemplatesPass: Resolving inheritance for "monolog.logger.security" (parent: monolog.logger_prototype).
Symfony\Component\DependencyInjection\Compiler\ResolveDefinitionTemplatesPass: Resolving inheritance for "monolog.logger.doctrine" (parent: monolog.logger_prototype).
Symfony\Component\DependencyInjection\Compiler\RemovePrivateAliasesPass: Removed service "assetic.value_supplier"; reason: private alias
Symfony\Component\DependencyInjection\Compiler\RemovePrivateAliasesPass: Removed service "doctrine.dbal.event_manager"; reason: private alias
Symfony\Component\DependencyInjection\Compiler\RemovePrivateAliasesPass: Removed service "doctrine.orm.metadata.annotation_reader"; reason: private alias
Symfony\Component\DependencyInjection\Compiler\RemovePrivateAliasesPass: Removed service "doctrine.orm.default_entity_manager.event_manager"; reason: private alias
Symfony\Component\DependencyInjection\Compiler\RemoveAbstractDefinitionsPass: Removed service "templating.asset.path_package"; reason: abstract
Symfony\Component\DependencyInjection\Compiler\RemoveAbstractDefinitionsPass: Removed service "templating.asset.url_package"; reason: abstract
Symfony\Component\DependencyInjection\Compiler\RemoveAbstractDefinitionsPass: Removed service "templating.asset.request_aware_package"; reason: abstract
Symfony\Component\DependencyInjection\Compiler\RemoveAbstractDefinitionsPass: Removed service "security.firewall.context"; reason: abstract
Symfony\Component\DependencyInjection\Compiler\RemoveAbstractDefinitionsPass: Removed service "security.user.provider.in_memory"; reason: abstract
Symfony\Component\DependencyInjection\Compiler\RemoveAbstractDefinitionsPass: Removed service "security.user.provider.in_memory.user"; reason: abstract
Symfony\Component\DependencyInjection\Compiler\RemoveAbstractDefinitionsPass: Removed service "security.user.provider.chain"; reason: abstract
Symfony\Component\DependencyInjection\Compiler\RemoveAbstractDefinitionsPass: Removed service "security.logout_listener"; reason: abstract
Symfony\Component\DependencyInjection\Compiler\RemoveAbstractDefinitionsPass: Removed service "security.logout.handler.cookie_clearing"; reason: abstract
Symfony\Component\DependencyInjection\Compiler\RemoveAbstractDefinitionsPass: Removed service "security.logout.success_handler"; reason: abstract
Symfony\Component\DependencyInjection\Compiler\RemoveAbstractDefinitionsPass: Removed service "security.authentication.form_entry_point"; reason: abstract
Symfony\Component\DependencyInjection\Compiler\RemoveAbstractDefinitionsPass: Removed service "security.authentication.listener.abstract"; reason: abstract
Symfony\Component\DependencyInjection\Compiler\RemoveAbstractDefinitionsPass: Removed service "security.authentication.success_handler"; reason: abstract
Symfony\Component\DependencyInjection\Compiler\RemoveAbstractDefinitionsPass: Removed service "security.authentication.failure_handler"; reason: abstract
Symfony\Component\DependencyInjection\Compiler\RemoveAbstractDefinitionsPass: Removed service "security.authentication.listener.form"; reason: abstract
Symfony\Component\DependencyInjection\Compiler\RemoveAbstractDefinitionsPass: Removed service "security.authentication.listener.x509"; reason: abstract
Symfony\Component\DependencyInjection\Compiler\RemoveAbstractDefinitionsPass: Removed service "security.authentication.listener.basic"; reason: abstract
Symfony\Component\DependencyInjection\Compiler\RemoveAbstractDefinitionsPass: Removed service "security.authentication.listener.digest"; reason: abstract
Symfony\Component\DependencyInjection\Compiler\RemoveAbstractDefinitionsPass: Removed service "security.authentication.provider.dao"; reason: abstract
Symfony\Component\DependencyInjection\Compiler\RemoveAbstractDefinitionsPass: Removed service "security.authentication.provider.pre_authenticated"; reason: abstract
Symfony\Component\DependencyInjection\Compiler\RemoveAbstractDefinitionsPass: Removed service "security.exception_listener"; reason: abstract
Symfony\Component\DependencyInjection\Compiler\RemoveAbstractDefinitionsPass: Removed service "security.authentication.switchuser_listener"; reason: abstract
Symfony\Component\DependencyInjection\Compiler\RemoveAbstractDefinitionsPass: Removed service "security.authentication.listener.rememberme"; reason: abstract
Symfony\Component\DependencyInjection\Compiler\RemoveAbstractDefinitionsPass: Removed service "security.authentication.provider.rememberme"; reason: abstract
Symfony\Component\DependencyInjection\Compiler\RemoveAbstractDefinitionsPass: Removed service "security.authentication.rememberme.services.abstract"; reason: abstract
Symfony\Component\DependencyInjection\Compiler\RemoveAbstractDefinitionsPass: Removed service "security.authentication.rememberme.services.persistent"; reason: abstract
Symfony\Component\DependencyInjection\Compiler\RemoveAbstractDefinitionsPass: Removed service "security.authentication.rememberme.services.simplehash"; reason: abstract
Symfony\Component\DependencyInjection\Compiler\RemoveAbstractDefinitionsPass: Removed service "monolog.logger_prototype"; reason: abstract
Symfony\Component\DependencyInjection\Compiler\RemoveAbstractDefinitionsPass: Removed service "assetic.worker.ensure_filter"; reason: abstract
Symfony\Component\DependencyInjection\Compiler\RemoveAbstractDefinitionsPass: Removed service "doctrine.dbal.logger.chain"; reason: abstract
Symfony\Component\DependencyInjection\Compiler\RemoveAbstractDefinitionsPass: Removed service "doctrine.dbal.logger.profiling"; reason: abstract
Symfony\Component\DependencyInjection\Compiler\RemoveAbstractDefinitionsPass: Removed service "doctrine.dbal.connection"; reason: abstract
Symfony\Component\DependencyInjection\Compiler\RemoveAbstractDefinitionsPass: Removed service "doctrine.dbal.connection.event_manager"; reason: abstract
Symfony\Component\DependencyInjection\Compiler\RemoveAbstractDefinitionsPass: Removed service "doctrine.dbal.connection.configuration"; reason: abstract
Symfony\Component\DependencyInjection\Compiler\RemoveAbstractDefinitionsPass: Removed service "doctrine.orm.configuration"; reason: abstract
Symfony\Component\DependencyInjection\Compiler\RemoveAbstractDefinitionsPass: Removed service "doctrine.orm.entity_manager.abstract"; reason: abstract
Symfony\Component\DependencyInjection\Compiler\RemoveAbstractDefinitionsPass: Removed service "doctrine.orm.manager_configurator.abstract"; reason: abstract
Symfony\Component\DependencyInjection\Compiler\RemoveAbstractDefinitionsPass: Removed service "doctrine.orm.security.user.provider"; reason: abstract
Symfony\Component\DependencyInjection\Compiler\ReplaceAliasByActualDefinitionPass: Changed reference of service "session.storage.native" previously pointing to "session.handler.native_file" to "session.handler".
Symfony\Component\DependencyInjection\Compiler\ReplaceAliasByActualDefinitionPass: Changed reference of service "session.storage.php_bridge" previously pointing to "session.handler.native_file" to "session.handler".
Symfony\Component\DependencyInjection\Compiler\ReplaceAliasByActualDefinitionPass: Changed reference of service "templating.engine.php" previously pointing to "templating.loader.filesystem" to "templating.loader".
Symfony\Component\DependencyInjection\Compiler\ReplaceAliasByActualDefinitionPass: Changed reference of service "assetic.twig_directory_resource.kernel" previously pointing to "templating.loader.filesystem" to "templating.loader".
Symfony\Component\DependencyInjection\Compiler\ReplaceAliasByActualDefinitionPass: Changed reference of service "templating.form.engine" previously pointing to "templating.engine.php" to "debug.templating.engine.php".
Symfony\Component\DependencyInjection\Compiler\ReplaceAliasByActualDefinitionPass: Changed reference of service "templating" previously pointing to "templating.engine.twig" to "templating".
Symfony\Component\DependencyInjection\Compiler\ReplaceAliasByActualDefinitionPass: Changed reference of service "locale_listener" previously pointing to "router.default" to "router".
Symfony\Component\DependencyInjection\Compiler\ReplaceAliasByActualDefinitionPass: Changed reference of service "templating.helper.router" previously pointing to "router.default" to "router".
Symfony\Component\DependencyInjection\Compiler\ReplaceAliasByActualDefinitionPass: Changed reference of service "router.cache_warmer" previously pointing to "router.default" to "router".
Symfony\Component\DependencyInjection\Compiler\ReplaceAliasByActualDefinitionPass: Changed reference of service "router_listener" previously pointing to "router.default" to "router".
Symfony\Component\DependencyInjection\Compiler\ReplaceAliasByActualDefinitionPass: Changed reference of service "security.http_utils" previously pointing to "router.default" to "router".
Symfony\Component\DependencyInjection\Compiler\ReplaceAliasByActualDefinitionPass: Changed reference of service "security.http_utils" previously pointing to "router.default" to "router".
Symfony\Component\DependencyInjection\Compiler\ReplaceAliasByActualDefinitionPass: Changed reference of service "templating.helper.logout_url" previously pointing to "router.default" to "router".
Symfony\Component\DependencyInjection\Compiler\ReplaceAliasByActualDefinitionPass: Changed reference of service "twig.extension.routing" previously pointing to "router.default" to "router".
Symfony\Component\DependencyInjection\Compiler\ReplaceAliasByActualDefinitionPass: Changed reference of service "validator.mapping.loader.annotation_loader" previously pointing to "annotations.file_cache_reader" to "annotation_reader".
Symfony\Component\DependencyInjection\Compiler\ReplaceAliasByActualDefinitionPass: Changed reference of service "sensio_framework_extra.controller.listener" previously pointing to "annotations.file_cache_reader" to "annotation_reader".
Symfony\Component\DependencyInjection\Compiler\ReplaceAliasByActualDefinitionPass: Changed reference of service "sensio_framework_extra.routing.loader.annot_class" previously pointing to "annotations.file_cache_reader" to "annotation_reader".
Symfony\Component\DependencyInjection\Compiler\ReplaceAliasByActualDefinitionPass: Changed reference of service "security.validator.user_password" previously pointing to "security.encoder_factory.generic" to "security.encoder_factory".
Symfony\Component\DependencyInjection\Compiler\ReplaceAliasByActualDefinitionPass: Changed reference of service "security.authentication.provider.dao.area_seguridad" previously pointing to "security.encoder_factory.generic" to "security.encoder_factory".
Symfony\Component\DependencyInjection\Compiler\ReplaceAliasByActualDefinitionPass: Changed reference of service "twig" previously pointing to "twig.loader.filesystem" to "twig.loader".
Symfony\Component\DependencyInjection\Compiler\ReplaceAliasByActualDefinitionPass: Changed reference of service "swiftmailer.mailer" previously pointing to "swiftmailer.transport.spool" to "swiftmailer.transport".
Symfony\Component\DependencyInjection\Compiler\ReplaceAliasByActualDefinitionPass: Changed reference of service "swiftmailer.transport" previously pointing to "swiftmailer.spool.memory" to "swiftmailer.spool".
Symfony\Component\DependencyInjection\Compiler\InlineServiceDefinitionsPass: Inlined service "templating.cache_warmer.template_paths" to "cache_warmer".
Symfony\Component\DependencyInjection\Compiler\InlineServiceDefinitionsPass: Inlined service "assetic.asset_manager_cache_warmer" to "cache_warmer".
Symfony\Component\DependencyInjection\Compiler\InlineServiceDefinitionsPass: Inlined service "router.cache_warmer" to "cache_warmer".
Symfony\Component\DependencyInjection\Compiler\InlineServiceDefinitionsPass: Inlined service "twig.cache_warmer" to "cache_warmer".
Symfony\Component\DependencyInjection\Compiler\InlineServiceDefinitionsPass: Inlined service "doctrine.orm.proxy_cache_warmer" to "cache_warmer".
Symfony\Component\DependencyInjection\Compiler\InlineServiceDefinitionsPass: Inlined service "controller_resolver" to "debug.controller_resolver".
Symfony\Component\DependencyInjection\Compiler\InlineServiceDefinitionsPass: Inlined service "session.attribute_bag" to "session".
Symfony\Component\DependencyInjection\Compiler\InlineServiceDefinitionsPass: Inlined service "session.flash_bag" to "session".
Symfony\Component\DependencyInjection\Compiler\InlineServiceDefinitionsPass: Inlined service "form.extension" to "form.registry".
Symfony\Component\DependencyInjection\Compiler\InlineServiceDefinitionsPass: Inlined service "templating.asset.default_package" to "templating.helper.assets".
Symfony\Component\DependencyInjection\Compiler\InlineServiceDefinitionsPass: Inlined service "templating.form.renderer" to "templating.helper.form".
Symfony\Component\DependencyInjection\Compiler\InlineServiceDefinitionsPass: Inlined service "templating.form.engine" to "templating.form.renderer".
Symfony\Component\DependencyInjection\Compiler\InlineServiceDefinitionsPass: Inlined service "validator.validator_factory" to "validator".
Symfony\Component\DependencyInjection\Compiler\InlineServiceDefinitionsPass: Inlined service "validator.mapping.loader.loader_chain" to "validator.mapping.class_metadata_factory".
Symfony\Component\DependencyInjection\Compiler\InlineServiceDefinitionsPass: Inlined service "validator.mapping.loader.annotation_loader" to "validator.mapping.loader.loader_chain".
Symfony\Component\DependencyInjection\Compiler\InlineServiceDefinitionsPass: Inlined service "validator.mapping.loader.static_method_loader" to "validator.mapping.loader.loader_chain".
Symfony\Component\DependencyInjection\Compiler\InlineServiceDefinitionsPass: Inlined service "validator.mapping.loader.xml_files_loader" to "validator.mapping.loader.loader_chain".
Symfony\Component\DependencyInjection\Compiler\InlineServiceDefinitionsPass: Inlined service "validator.mapping.loader.yaml_files_loader" to "validator.mapping.loader.loader_chain".
Symfony\Component\DependencyInjection\Compiler\InlineServiceDefinitionsPass: Inlined service "routing.loader.xml" to "routing.resolver".
Symfony\Component\DependencyInjection\Compiler\InlineServiceDefinitionsPass: Inlined service "routing.loader.yml" to "routing.resolver".
Symfony\Component\DependencyInjection\Compiler\InlineServiceDefinitionsPass: Inlined service "routing.loader.php" to "routing.resolver".
Symfony\Component\DependencyInjection\Compiler\InlineServiceDefinitionsPass: Inlined service "sensio_framework_extra.routing.loader.annot_dir" to "routing.resolver".
Symfony\Component\DependencyInjection\Compiler\InlineServiceDefinitionsPass: Inlined service "sensio_framework_extra.routing.loader.annot_file" to "routing.resolver".
Symfony\Component\DependencyInjection\Compiler\InlineServiceDefinitionsPass: Inlined service "routing.resolver" to "routing.loader".
Symfony\Component\DependencyInjection\Compiler\InlineServiceDefinitionsPass: Inlined service "security.authentication.provider.dao.area_seguridad" to "security.authentication.manager".
Symfony\Component\DependencyInjection\Compiler\InlineServiceDefinitionsPass: Inlined service "security.authentication.provider.rememberme.area_seguridad" to "security.authentication.manager".
Symfony\Component\DependencyInjection\Compiler\InlineServiceDefinitionsPass: Inlined service "security.authentication.provider.anonymous.area_seguridad" to "security.authentication.manager".
Symfony\Component\DependencyInjection\Compiler\InlineServiceDefinitionsPass: Inlined service "security.access.role_hierarchy_voter" to "security.access.decision_manager".
Symfony\Component\DependencyInjection\Compiler\InlineServiceDefinitionsPass: Inlined service "security.access.authenticated_voter" to "security.access.decision_manager".
Symfony\Component\DependencyInjection\Compiler\InlineServiceDefinitionsPass: Inlined service "security.role_hierarchy" to "security.access.role_hierarchy_voter".
Symfony\Component\DependencyInjection\Compiler\InlineServiceDefinitionsPass: Inlined service "security.firewall.map" to "security.firewall".
Symfony\Component\DependencyInjection\Compiler\InlineServiceDefinitionsPass: Inlined service "security.request_matcher.5d0eaa012d4a7d4e9196a7b64c99eb730a5e07fcacfcdbab66080072fdc431fde5521988" to "security.firewall.map".
Symfony\Component\DependencyInjection\Compiler\InlineServiceDefinitionsPass: Inlined service "security.authentication.retry_entry_point" to "security.channel_listener".
Symfony\Component\DependencyInjection\Compiler\InlineServiceDefinitionsPass: Inlined service "security.request_matcher.065c455eccb29716187e6bb678dcb66c91dac978068edb8a3e4648d6d844d0087b308665" to "security.access_map".
Symfony\Component\DependencyInjection\Compiler\InlineServiceDefinitionsPass: Inlined service "security.request_matcher.7e2dadaa68c1a29607b598bea4f312ace27328243f12a3c0fea0150f10018d62dbc6202e" to "security.access_map".
Symfony\Component\DependencyInjection\Compiler\InlineServiceDefinitionsPass: Inlined service "security.request_matcher.6da6dc046f6ef77a4ac01a53659bf85efa8f43748128d908bc6838281700dccd8f72b77a" to "security.access_map".
Symfony\Component\DependencyInjection\Compiler\InlineServiceDefinitionsPass: Inlined service "security.request_matcher.3fc51cdbf1a9b70aeb5ddce09c1963161980928a0be749f440a3f6de0929b2a8360c1700" to "security.access_map".
Symfony\Component\DependencyInjection\Compiler\InlineServiceDefinitionsPass: Inlined service "security.logout.success_handler.area_seguridad" to "security.logout_listener.area_seguridad".
Symfony\Component\DependencyInjection\Compiler\InlineServiceDefinitionsPass: Inlined service "security.logout.handler.session" to "security.logout_listener.area_seguridad".
Symfony\Component\DependencyInjection\Compiler\InlineServiceDefinitionsPass: Inlined service "security.authentication.session_strategy" to "security.authentication.listener.form.area_seguridad".
Symfony\Component\DependencyInjection\Compiler\InlineServiceDefinitionsPass: Inlined service "security.authentication.success_handler.area_seguridad.form_login" to "security.authentication.listener.form.area_seguridad".
Symfony\Component\DependencyInjection\Compiler\InlineServiceDefinitionsPass: Inlined service "security.authentication.failure_handler.area_seguridad.form_login" to "security.authentication.listener.form.area_seguridad".
Symfony\Component\DependencyInjection\Compiler\InlineServiceDefinitionsPass: Inlined service "security.authentication.form_entry_point.area_seguridad" to "security.exception_listener.area_seguridad".
Symfony\Component\DependencyInjection\Compiler\InlineServiceDefinitionsPass: Inlined service "security.channel_listener" to "security.firewall.map.context.area_seguridad".
Symfony\Component\DependencyInjection\Compiler\InlineServiceDefinitionsPass: Inlined service "security.context_listener.0" to "security.firewall.map.context.area_seguridad".
Symfony\Component\DependencyInjection\Compiler\InlineServiceDefinitionsPass: Inlined service "security.logout_listener.area_seguridad" to "security.firewall.map.context.area_seguridad".
Symfony\Component\DependencyInjection\Compiler\InlineServiceDefinitionsPass: Inlined service "security.authentication.listener.form.area_seguridad" to "security.firewall.map.context.area_seguridad".
Symfony\Component\DependencyInjection\Compiler\InlineServiceDefinitionsPass: Inlined service "security.authentication.listener.rememberme.area_seguridad" to "security.firewall.map.context.area_seguridad".
Symfony\Component\DependencyInjection\Compiler\InlineServiceDefinitionsPass: Inlined service "security.authentication.listener.anonymous.area_seguridad" to "security.firewall.map.context.area_seguridad".
Symfony\Component\DependencyInjection\Compiler\InlineServiceDefinitionsPass: Inlined service "security.access_listener" to "security.firewall.map.context.area_seguridad".
Symfony\Component\DependencyInjection\Compiler\InlineServiceDefinitionsPass: Inlined service "security.exception_listener.area_seguridad" to "security.firewall.map.context.area_seguridad".
Symfony\Component\DependencyInjection\Compiler\InlineServiceDefinitionsPass: Inlined service "twig.extension.logout_url" to "twig".
Symfony\Component\DependencyInjection\Compiler\InlineServiceDefinitionsPass: Inlined service "twig.extension.security" to "twig".
Symfony\Component\DependencyInjection\Compiler\InlineServiceDefinitionsPass: Inlined service "twig.extension.trans" to "twig".
Symfony\Component\DependencyInjection\Compiler\InlineServiceDefinitionsPass: Inlined service "twig.extension.assets" to "twig".
Symfony\Component\DependencyInjection\Compiler\InlineServiceDefinitionsPass: Inlined service "twig.extension.actions" to "twig".
Symfony\Component\DependencyInjection\Compiler\InlineServiceDefinitionsPass: Inlined service "twig.extension.code" to "twig".
Symfony\Component\DependencyInjection\Compiler\InlineServiceDefinitionsPass: Inlined service "twig.extension.routing" to "twig".
Symfony\Component\DependencyInjection\Compiler\InlineServiceDefinitionsPass: Inlined service "twig.extension.yaml" to "twig".
Symfony\Component\DependencyInjection\Compiler\InlineServiceDefinitionsPass: Inlined service "twig.extension.httpkernel" to "twig".
Symfony\Component\DependencyInjection\Compiler\InlineServiceDefinitionsPass: Inlined service "twig.extension.form" to "twig".
Symfony\Component\DependencyInjection\Compiler\InlineServiceDefinitionsPass: Inlined service "twig.extension.debug" to "twig".
Symfony\Component\DependencyInjection\Compiler\InlineServiceDefinitionsPass: Inlined service "assetic.twig_extension" to "twig".
Symfony\Component\DependencyInjection\Compiler\InlineServiceDefinitionsPass: Inlined service "doctrine.twig.doctrine_extension" to "twig".
Symfony\Component\DependencyInjection\Compiler\InlineServiceDefinitionsPass: Inlined service "ivory_google_map.twig.extension" to "twig".
Symfony\Component\DependencyInjection\Compiler\InlineServiceDefinitionsPass: Inlined service "twig.form.renderer" to "twig.extension.form".
Symfony\Component\DependencyInjection\Compiler\InlineServiceDefinitionsPass: Inlined service "twig.form.engine" to "twig.form.renderer".
Symfony\Component\DependencyInjection\Compiler\InlineServiceDefinitionsPass: Inlined service "swiftmailer.transport.mailinvoker" to "swiftmailer.transport.mail".
Symfony\Component\DependencyInjection\Compiler\InlineServiceDefinitionsPass: Inlined service "swiftmailer.transport.replacementfactory" to "swiftmailer.transport.buffer".
Symfony\Component\DependencyInjection\Compiler\InlineServiceDefinitionsPass: Inlined service "9bbb445c4f7576f30b3c74fc7ee3a0d0_1" to "swiftmailer.transport.authhandler".
Symfony\Component\DependencyInjection\Compiler\InlineServiceDefinitionsPass: Inlined service "9bbb445c4f7576f30b3c74fc7ee3a0d0_2" to "swiftmailer.transport.authhandler".
Symfony\Component\DependencyInjection\Compiler\InlineServiceDefinitionsPass: Inlined service "9bbb445c4f7576f30b3c74fc7ee3a0d0_3" to "swiftmailer.transport.authhandler".
Symfony\Component\DependencyInjection\Compiler\InlineServiceDefinitionsPass: Inlined service "assetic.twig_formula_loader" to "assetic.asset_manager".
Symfony\Component\DependencyInjection\Compiler\InlineServiceDefinitionsPass: Inlined service "assetic.twig_directory_resource.kernel" to "assetic.asset_manager".
Symfony\Component\DependencyInjection\Compiler\InlineServiceDefinitionsPass: Inlined service "assetic.parameter_bag" to "assetic.asset_factory".
Symfony\Component\DependencyInjection\Compiler\InlineServiceDefinitionsPass: Inlined service "assetic.value_supplier.default" to "assetic.twig_extension".
Symfony\Component\DependencyInjection\Compiler\InlineServiceDefinitionsPass: Inlined service "assetic.twig_formula_loader.real" to "assetic.twig_formula_loader".
Symfony\Component\DependencyInjection\Compiler\InlineServiceDefinitionsPass: Inlined service "assetic.config_cache" to "assetic.twig_formula_loader".
Symfony\Component\DependencyInjection\Compiler\InlineServiceDefinitionsPass: Inlined service "doctrine.dbal.logger.chain.default" to "doctrine.dbal.default_connection.configuration".
Symfony\Component\DependencyInjection\Compiler\InlineServiceDefinitionsPass: Inlined service "doctrine.dbal.logger" to "doctrine.dbal.logger.chain.default".
Symfony\Component\DependencyInjection\Compiler\InlineServiceDefinitionsPass: Inlined service "doctrine.dbal.default_connection.configuration" to "doctrine.dbal.default_connection".
Symfony\Component\DependencyInjection\Compiler\InlineServiceDefinitionsPass: Inlined service "doctrine.dbal.default_connection.event_manager" to "doctrine.dbal.default_connection".
Symfony\Component\DependencyInjection\Compiler\InlineServiceDefinitionsPass: Inlined service "doctrine.orm.default_metadata_cache" to "doctrine.orm.default_configuration".
Symfony\Component\DependencyInjection\Compiler\InlineServiceDefinitionsPass: Inlined service "doctrine.orm.default_query_cache" to "doctrine.orm.default_configuration".
Symfony\Component\DependencyInjection\Compiler\InlineServiceDefinitionsPass: Inlined service "doctrine.orm.default_result_cache" to "doctrine.orm.default_configuration".
Symfony\Component\DependencyInjection\Compiler\InlineServiceDefinitionsPass: Inlined service "doctrine.orm.default_metadata_driver" to "doctrine.orm.default_configuration".
Symfony\Component\DependencyInjection\Compiler\InlineServiceDefinitionsPass: Inlined service "doctrine.orm.naming_strategy.default" to "doctrine.orm.default_configuration".
Symfony\Component\DependencyInjection\Compiler\InlineServiceDefinitionsPass: Inlined service "doctrine.orm.default_yml_metadata_driver" to "doctrine.orm.default_metadata_driver".
Symfony\Component\DependencyInjection\Compiler\InlineServiceDefinitionsPass: Inlined service "doctrine.orm.default_xml_metadata_driver" to "doctrine.orm.default_metadata_driver".
Symfony\Component\DependencyInjection\Compiler\InlineServiceDefinitionsPass: Inlined service "doctrine.orm.default_configuration" to "doctrine.orm.default_entity_manager".
Symfony\Component\DependencyInjection\Compiler\InlineServiceDefinitionsPass: Inlined service "ivory_google_map.helper.map_type_control_style" to "ivory_google_map.helper.map_type_control".
Symfony\Component\DependencyInjection\Compiler\InlineServiceDefinitionsPass: Inlined service "ivory_google_map.helper.scale_control_style" to "ivory_google_map.helper.scale_control".
Symfony\Component\DependencyInjection\Compiler\InlineServiceDefinitionsPass: Inlined service "ivory_google_map.helper.zoom_control_style" to "ivory_google_map.helper.zoom_control".
Symfony\Component\DependencyInjection\Compiler\InlineServiceDefinitionsPass: Inlined service "ivory_google_map.helper.encoding" to "ivory_google_map.helper.encoded_polyline".
Symfony\Component\DependencyInjection\Compiler\InlineServiceDefinitionsPass: Inlined service "ivory_google_map.helper.animation" to "ivory_google_map.helper.marker".
Symfony\Component\DependencyInjection\Compiler\InlineServiceDefinitionsPass: Inlined service "ivory_google_map.geocoder.provider" to "ivory_google_map.geocoder".
Symfony\Component\DependencyInjection\Compiler\InlineServiceDefinitionsPass: Inlined service "ivory_google_map.geocoder.adapter" to "ivory_google_map.geocoder.provider".
Symfony\Component\DependencyInjection\Compiler\InlineServiceDefinitionsPass: Inlined service "ivory_google_map.helper.api" to "ivory_google_map.helper.map".
Symfony\Component\DependencyInjection\Compiler\InlineServiceDefinitionsPass: Inlined service "ivory_google_map.helper.bound" to "ivory_google_map.helper.map".
Symfony\Component\DependencyInjection\Compiler\InlineServiceDefinitionsPass: Inlined service "ivory_google_map.helper.point" to "ivory_google_map.helper.map".
Symfony\Component\DependencyInjection\Compiler\InlineServiceDefinitionsPass: Inlined service "ivory_google_map.helper.size" to "ivory_google_map.helper.map".
Symfony\Component\DependencyInjection\Compiler\InlineServiceDefinitionsPass: Inlined service "ivory_google_map.helper.map_type_control" to "ivory_google_map.helper.map".
Symfony\Component\DependencyInjection\Compiler\InlineServiceDefinitionsPass: Inlined service "ivory_google_map.helper.overview_map_control" to "ivory_google_map.helper.map".
Symfony\Component\DependencyInjection\Compiler\InlineServiceDefinitionsPass: Inlined service "ivory_google_map.helper.pan_control" to "ivory_google_map.helper.map".
Symfony\Component\DependencyInjection\Compiler\InlineServiceDefinitionsPass: Inlined service "ivory_google_map.helper.rotate_control" to "ivory_google_map.helper.map".
Symfony\Component\DependencyInjection\Compiler\InlineServiceDefinitionsPass: Inlined service "ivory_google_map.helper.scale_control" to "ivory_google_map.helper.map".
Symfony\Component\DependencyInjection\Compiler\InlineServiceDefinitionsPass: Inlined service "ivory_google_map.helper.street_view_control" to "ivory_google_map.helper.map".
Symfony\Component\DependencyInjection\Compiler\InlineServiceDefinitionsPass: Inlined service "ivory_google_map.helper.zoom_control" to "ivory_google_map.helper.map".
Symfony\Component\DependencyInjection\Compiler\InlineServiceDefinitionsPass: Inlined service "ivory_google_map.helper.marker" to "ivory_google_map.helper.map".
Symfony\Component\DependencyInjection\Compiler\InlineServiceDefinitionsPass: Inlined service "ivory_google_map.helper.marker_image" to "ivory_google_map.helper.map".
Symfony\Component\DependencyInjection\Compiler\InlineServiceDefinitionsPass: Inlined service "ivory_google_map.helper.marker_shape" to "ivory_google_map.helper.map".
Symfony\Component\DependencyInjection\Compiler\InlineServiceDefinitionsPass: Inlined service "ivory_google_map.helper.info_window" to "ivory_google_map.helper.map".
Symfony\Component\DependencyInjection\Compiler\InlineServiceDefinitionsPass: Inlined service "ivory_google_map.helper.polyline" to "ivory_google_map.helper.map".
Symfony\Component\DependencyInjection\Compiler\InlineServiceDefinitionsPass: Inlined service "ivory_google_map.helper.encoded_polyline" to "ivory_google_map.helper.map".
Symfony\Component\DependencyInjection\Compiler\InlineServiceDefinitionsPass: Inlined service "ivory_google_map.helper.polygon" to "ivory_google_map.helper.map".
Symfony\Component\DependencyInjection\Compiler\InlineServiceDefinitionsPass: Inlined service "ivory_google_map.helper.rectangle" to "ivory_google_map.helper.map".
Symfony\Component\DependencyInjection\Compiler\InlineServiceDefinitionsPass: Inlined service "ivory_google_map.helper.circle" to "ivory_google_map.helper.map".
Symfony\Component\DependencyInjection\Compiler\InlineServiceDefinitionsPass: Inlined service "ivory_google_map.helper.ground_overlay" to "ivory_google_map.helper.map".
Symfony\Component\DependencyInjection\Compiler\InlineServiceDefinitionsPass: Inlined service "ivory_google_map.helper.kml_layer" to "ivory_google_map.helper.map".
Symfony\Component\DependencyInjection\Compiler\InlineServiceDefinitionsPass: Inlined service "ivory_google_map.helper.event_manager" to "ivory_google_map.helper.map".
Symfony\Component\DependencyInjection\Compiler\InlineServiceDefinitionsPass: Inlined service "ivory_google_map.template.helper" to "ivory_google_map.twig.extension".
Symfony\Component\DependencyInjection\Compiler\InlineServiceDefinitionsPass: Inlined service "swiftmailer.transport.authhandler" to "swiftmailer.transport.real".
Symfony\Component\DependencyInjection\Compiler\RemoveUnusedDefinitionsPass: Removed service "controller_resolver"; reason: unused
Symfony\Component\DependencyInjection\Compiler\RemoveUnusedDefinitionsPass: Removed service "session.flash_bag"; reason: unused
Symfony\Component\DependencyInjection\Compiler\RemoveUnusedDefinitionsPass: Removed service "session.attribute_bag"; reason: unused
Symfony\Component\DependencyInjection\Compiler\RemoveUnusedDefinitionsPass: Removed service "form.extension"; reason: unused
Symfony\Component\DependencyInjection\Compiler\RemoveUnusedDefinitionsPass: Removed service "templating.engine.delegating"; reason: unused
Symfony\Component\DependencyInjection\Compiler\RemoveUnusedDefinitionsPass: Removed service "templating.cache_warmer.template_paths"; reason: unused
Symfony\Component\DependencyInjection\Compiler\RemoveUnusedDefinitionsPass: Removed service "templating.loader.cache"; reason: unused
Symfony\Component\DependencyInjection\Compiler\RemoveUnusedDefinitionsPass: Removed service "templating.loader.chain"; reason: unused
Symfony\Component\DependencyInjection\Compiler\RemoveUnusedDefinitionsPass: Removed service "templating.form.engine"; reason: unused
Symfony\Component\DependencyInjection\Compiler\RemoveUnusedDefinitionsPass: Removed service "templating.form.renderer"; reason: unused
Symfony\Component\DependencyInjection\Compiler\RemoveUnusedDefinitionsPass: Removed service "templating.asset.default_package"; reason: unused
Symfony\Component\DependencyInjection\Compiler\RemoveUnusedDefinitionsPass: Removed service "validator.mapping.cache.apc"; reason: unused
Symfony\Component\DependencyInjection\Compiler\RemoveUnusedDefinitionsPass: Removed service "validator.validator_factory"; reason: unused
Symfony\Component\DependencyInjection\Compiler\RemoveUnusedDefinitionsPass: Removed service "validator.mapping.loader.loader_chain"; reason: unused
Symfony\Component\DependencyInjection\Compiler\RemoveUnusedDefinitionsPass: Removed service "validator.mapping.loader.static_method_loader"; reason: unused
Symfony\Component\DependencyInjection\Compiler\RemoveUnusedDefinitionsPass: Removed service "validator.mapping.loader.annotation_loader"; reason: unused
Symfony\Component\DependencyInjection\Compiler\RemoveUnusedDefinitionsPass: Removed service "validator.mapping.loader.xml_files_loader"; reason: unused
Symfony\Component\DependencyInjection\Compiler\RemoveUnusedDefinitionsPass: Removed service "validator.mapping.loader.yaml_files_loader"; reason: unused
Symfony\Component\DependencyInjection\Compiler\RemoveUnusedDefinitionsPass: Removed service "routing.resolver"; reason: unused
Symfony\Component\DependencyInjection\Compiler\RemoveUnusedDefinitionsPass: Removed service "routing.loader.xml"; reason: unused
Symfony\Component\DependencyInjection\Compiler\RemoveUnusedDefinitionsPass: Removed service "routing.loader.yml"; reason: unused
Symfony\Component\DependencyInjection\Compiler\RemoveUnusedDefinitionsPass: Removed service "routing.loader.php"; reason: unused
Symfony\Component\DependencyInjection\Compiler\RemoveUnusedDefinitionsPass: Removed service "router.cache_warmer"; reason: unused
Symfony\Component\DependencyInjection\Compiler\RemoveUnusedDefinitionsPass: Removed service "annotations.cached_reader"; reason: unused
Symfony\Component\DependencyInjection\Compiler\RemoveUnusedDefinitionsPass: Removed service "security.authentication.session_strategy"; reason: unused
Symfony\Component\DependencyInjection\Compiler\RemoveUnusedDefinitionsPass: Removed service "security.role_hierarchy"; reason: unused
Symfony\Component\DependencyInjection\Compiler\RemoveUnusedDefinitionsPass: Removed service "security.access.authenticated_voter"; reason: unused
Symfony\Component\DependencyInjection\Compiler\RemoveUnusedDefinitionsPass: Removed service "security.access.role_hierarchy_voter"; reason: unused
Symfony\Component\DependencyInjection\Compiler\RemoveUnusedDefinitionsPass: Removed service "security.firewall.map"; reason: unused
Symfony\Component\DependencyInjection\Compiler\RemoveUnusedDefinitionsPass: Removed service "security.authentication.listener.anonymous"; reason: unused
Symfony\Component\DependencyInjection\Compiler\RemoveUnusedDefinitionsPass: Removed service "security.authentication.provider.anonymous"; reason: unused
Symfony\Component\DependencyInjection\Compiler\RemoveUnusedDefinitionsPass: Removed service "security.authentication.retry_entry_point"; reason: unused
Symfony\Component\DependencyInjection\Compiler\RemoveUnusedDefinitionsPass: Removed service "security.authentication.basic_entry_point"; reason: unused
Symfony\Component\DependencyInjection\Compiler\RemoveUnusedDefinitionsPass: Removed service "security.authentication.digest_entry_point"; reason: unused
Symfony\Component\DependencyInjection\Compiler\RemoveUnusedDefinitionsPass: Removed service "security.channel_listener"; reason: unused
Symfony\Component\DependencyInjection\Compiler\RemoveUnusedDefinitionsPass: Removed service "security.context_listener"; reason: unused
Symfony\Component\DependencyInjection\Compiler\RemoveUnusedDefinitionsPass: Removed service "security.logout.handler.session"; reason: unused
Symfony\Component\DependencyInjection\Compiler\RemoveUnusedDefinitionsPass: Removed service "security.access_listener"; reason: unused
Symfony\Component\DependencyInjection\Compiler\RemoveUnusedDefinitionsPass: Removed service "security.rememberme.token.provider.in_memory"; reason: unused
Symfony\Component\DependencyInjection\Compiler\RemoveUnusedDefinitionsPass: Removed service "twig.extension.logout_url"; reason: unused
Symfony\Component\DependencyInjection\Compiler\RemoveUnusedDefinitionsPass: Removed service "twig.extension.security"; reason: unused
Symfony\Component\DependencyInjection\Compiler\RemoveUnusedDefinitionsPass: Removed service "data_collector.security"; reason: unused
Symfony\Component\DependencyInjection\Compiler\RemoveUnusedDefinitionsPass: Removed service "security.request_matcher.5d0eaa012d4a7d4e9196a7b64c99eb730a5e07fcacfcdbab66080072fdc431fde5521988"; reason: unused
Symfony\Component\DependencyInjection\Compiler\RemoveUnusedDefinitionsPass: Removed service "security.context_listener.0"; reason: unused
Symfony\Component\DependencyInjection\Compiler\RemoveUnusedDefinitionsPass: Removed service "security.logout_listener.area_seguridad"; reason: unused
Symfony\Component\DependencyInjection\Compiler\RemoveUnusedDefinitionsPass: Removed service "security.logout.success_handler.area_seguridad"; reason: unused
Symfony\Component\DependencyInjection\Compiler\RemoveUnusedDefinitionsPass: Removed service "security.authentication.provider.dao.area_seguridad"; reason: unused
Symfony\Component\DependencyInjection\Compiler\RemoveUnusedDefinitionsPass: Removed service "security.authentication.success_handler.area_seguridad.form_login"; reason: unused
Symfony\Component\DependencyInjection\Compiler\RemoveUnusedDefinitionsPass: Removed service "security.authentication.failure_handler.area_seguridad.form_login"; reason: unused
Symfony\Component\DependencyInjection\Compiler\RemoveUnusedDefinitionsPass: Removed service "security.authentication.listener.form.area_seguridad"; reason: unused
Symfony\Component\DependencyInjection\Compiler\RemoveUnusedDefinitionsPass: Removed service "security.authentication.form_entry_point.area_seguridad"; reason: unused
Symfony\Component\DependencyInjection\Compiler\RemoveUnusedDefinitionsPass: Removed service "security.authentication.provider.rememberme.area_seguridad"; reason: unused
Symfony\Component\DependencyInjection\Compiler\RemoveUnusedDefinitionsPass: Removed service "security.authentication.listener.rememberme.area_seguridad"; reason: unused
Symfony\Component\DependencyInjection\Compiler\RemoveUnusedDefinitionsPass: Removed service "security.authentication.listener.anonymous.area_seguridad"; reason: unused
Symfony\Component\DependencyInjection\Compiler\RemoveUnusedDefinitionsPass: Removed service "security.authentication.provider.anonymous.area_seguridad"; reason: unused
Symfony\Component\DependencyInjection\Compiler\RemoveUnusedDefinitionsPass: Removed service "security.exception_listener.area_seguridad"; reason: unused
Symfony\Component\DependencyInjection\Compiler\RemoveUnusedDefinitionsPass: Removed service "security.request_matcher.065c455eccb29716187e6bb678dcb66c91dac978068edb8a3e4648d6d844d0087b308665"; reason: unused
Symfony\Component\DependencyInjection\Compiler\RemoveUnusedDefinitionsPass: Removed service "security.request_matcher.7e2dadaa68c1a29607b598bea4f312ace27328243f12a3c0fea0150f10018d62dbc6202e"; reason: unused
Symfony\Component\DependencyInjection\Compiler\RemoveUnusedDefinitionsPass: Removed service "security.request_matcher.6da6dc046f6ef77a4ac01a53659bf85efa8f43748128d908bc6838281700dccd8f72b77a"; reason: unused
Symfony\Component\DependencyInjection\Compiler\RemoveUnusedDefinitionsPass: Removed service "security.request_matcher.3fc51cdbf1a9b70aeb5ddce09c1963161980928a0be749f440a3f6de0929b2a8360c1700"; reason: unused
Symfony\Component\DependencyInjection\Compiler\RemoveUnusedDefinitionsPass: Removed service "twig.cache_warmer"; reason: unused
Symfony\Component\DependencyInjection\Compiler\RemoveUnusedDefinitionsPass: Removed service "twig.loader.chain"; reason: unused
Symfony\Component\DependencyInjection\Compiler\RemoveUnusedDefinitionsPass: Removed service "twig.extension.trans"; reason: unused
Symfony\Component\DependencyInjection\Compiler\RemoveUnusedDefinitionsPass: Removed service "twig.extension.assets"; reason: unused
Symfony\Component\DependencyInjection\Compiler\RemoveUnusedDefinitionsPass: Removed service "twig.extension.actions"; reason: unused
Symfony\Component\DependencyInjection\Compiler\RemoveUnusedDefinitionsPass: Removed service "twig.extension.code"; reason: unused
Symfony\Component\DependencyInjection\Compiler\RemoveUnusedDefinitionsPass: Removed service "twig.extension.routing"; reason: unused
Symfony\Component\DependencyInjection\Compiler\RemoveUnusedDefinitionsPass: Removed service "twig.extension.yaml"; reason: unused
Symfony\Component\DependencyInjection\Compiler\RemoveUnusedDefinitionsPass: Removed service "twig.extension.httpkernel"; reason: unused
Symfony\Component\DependencyInjection\Compiler\RemoveUnusedDefinitionsPass: Removed service "twig.extension.form"; reason: unused
Symfony\Component\DependencyInjection\Compiler\RemoveUnusedDefinitionsPass: Removed service "twig.form.engine"; reason: unused
Symfony\Component\DependencyInjection\Compiler\RemoveUnusedDefinitionsPass: Removed service "twig.form.renderer"; reason: unused
Symfony\Component\DependencyInjection\Compiler\RemoveUnusedDefinitionsPass: Removed service "twig.extension.debug"; reason: unused
Symfony\Component\DependencyInjection\Compiler\RemoveUnusedDefinitionsPass: Removed service "9bbb445c4f7576f30b3c74fc7ee3a0d0_3"; reason: unused
Symfony\Component\DependencyInjection\Compiler\RemoveUnusedDefinitionsPass: Removed service "9bbb445c4f7576f30b3c74fc7ee3a0d0_2"; reason: unused
Symfony\Component\DependencyInjection\Compiler\RemoveUnusedDefinitionsPass: Removed service "9bbb445c4f7576f30b3c74fc7ee3a0d0_1"; reason: unused
Symfony\Component\DependencyInjection\Compiler\RemoveUnusedDefinitionsPass: Removed service "swiftmailer.transport.sendmail"; reason: unused
Symfony\Component\DependencyInjection\Compiler\RemoveUnusedDefinitionsPass: Removed service "swiftmailer.transport.mail"; reason: unused
Symfony\Component\DependencyInjection\Compiler\RemoveUnusedDefinitionsPass: Removed service "swiftmailer.transport.failover"; reason: unused
Symfony\Component\DependencyInjection\Compiler\RemoveUnusedDefinitionsPass: Removed service "swiftmailer.transport.mailinvoker"; reason: unused
Symfony\Component\DependencyInjection\Compiler\RemoveUnusedDefinitionsPass: Removed service "swiftmailer.transport.authhandler"; reason: unused
Symfony\Component\DependencyInjection\Compiler\RemoveUnusedDefinitionsPass: Removed service "swiftmailer.transport.replacementfactory"; reason: unused
Symfony\Component\DependencyInjection\Compiler\RemoveUnusedDefinitionsPass: Removed service "swiftmailer.transport.null"; reason: unused
Symfony\Component\DependencyInjection\Compiler\RemoveUnusedDefinitionsPass: Removed service "swiftmailer.plugin.redirecting"; reason: unused
Symfony\Component\DependencyInjection\Compiler\RemoveUnusedDefinitionsPass: Removed service "swiftmailer.plugin.antiflood"; reason: unused
Symfony\Component\DependencyInjection\Compiler\RemoveUnusedDefinitionsPass: Removed service "swiftmailer.plugin.impersonate"; reason: unused
Symfony\Component\DependencyInjection\Compiler\RemoveUnusedDefinitionsPass: Removed service "swiftmailer.data_collector"; reason: unused
Symfony\Component\DependencyInjection\Compiler\RemoveUnusedDefinitionsPass: Removed service "assetic.config_cache"; reason: unused
Symfony\Component\DependencyInjection\Compiler\RemoveUnusedDefinitionsPass: Removed service "assetic.asset_manager_cache_warmer"; reason: unused
Symfony\Component\DependencyInjection\Compiler\RemoveUnusedDefinitionsPass: Removed service "assetic.parameter_bag"; reason: unused
Symfony\Component\DependencyInjection\Compiler\RemoveUnusedDefinitionsPass: Removed service "assetic.value_supplier.default"; reason: unused
Symfony\Component\DependencyInjection\Compiler\RemoveUnusedDefinitionsPass: Removed service "assetic.twig_extension"; reason: unused
Symfony\Component\DependencyInjection\Compiler\RemoveUnusedDefinitionsPass: Removed service "assetic.twig_formula_loader"; reason: unused
Symfony\Component\DependencyInjection\Compiler\RemoveUnusedDefinitionsPass: Removed service "assetic.twig_formula_loader.real"; reason: unused
Symfony\Component\DependencyInjection\Compiler\RemoveUnusedDefinitionsPass: Removed service "doctrine.dbal.logger"; reason: unused
Symfony\Component\DependencyInjection\Compiler\RemoveUnusedDefinitionsPass: Removed service "data_collector.doctrine"; reason: unused
Symfony\Component\DependencyInjection\Compiler\RemoveUnusedDefinitionsPass: Removed service "doctrine.twig.doctrine_extension"; reason: unused
Symfony\Component\DependencyInjection\Compiler\RemoveUnusedDefinitionsPass: Removed service "doctrine.dbal.default_connection.configuration"; reason: unused
Symfony\Component\DependencyInjection\Compiler\RemoveUnusedDefinitionsPass: Removed service "doctrine.dbal.logger.chain.default"; reason: unused
Symfony\Component\DependencyInjection\Compiler\RemoveUnusedDefinitionsPass: Removed service "doctrine.dbal.default_connection.event_manager"; reason: unused
Symfony\Component\DependencyInjection\Compiler\RemoveUnusedDefinitionsPass: Removed service "doctrine.orm.proxy_cache_warmer"; reason: unused
Symfony\Component\DependencyInjection\Compiler\RemoveUnusedDefinitionsPass: Removed service "doctrine.orm.listeners.resolve_target_entity"; reason: unused
Symfony\Component\DependencyInjection\Compiler\RemoveUnusedDefinitionsPass: Removed service "doctrine.orm.naming_strategy.default"; reason: unused
Symfony\Component\DependencyInjection\Compiler\RemoveUnusedDefinitionsPass: Removed service "doctrine.orm.naming_strategy.underscore"; reason: unused
Symfony\Component\DependencyInjection\Compiler\RemoveUnusedDefinitionsPass: Removed service "doctrine.orm.default_configuration"; reason: unused
Symfony\Component\DependencyInjection\Compiler\RemoveUnusedDefinitionsPass: Removed service "doctrine.orm.default_yml_metadata_driver"; reason: unused
Symfony\Component\DependencyInjection\Compiler\RemoveUnusedDefinitionsPass: Removed service "doctrine.orm.default_xml_metadata_driver"; reason: unused
Symfony\Component\DependencyInjection\Compiler\RemoveUnusedDefinitionsPass: Removed service "doctrine.orm.default_metadata_driver"; reason: unused
Symfony\Component\DependencyInjection\Compiler\RemoveUnusedDefinitionsPass: Removed service "doctrine.orm.default_metadata_cache"; reason: unused
Symfony\Component\DependencyInjection\Compiler\RemoveUnusedDefinitionsPass: Removed service "doctrine.orm.default_result_cache"; reason: unused
Symfony\Component\DependencyInjection\Compiler\RemoveUnusedDefinitionsPass: Removed service "doctrine.orm.default_query_cache"; reason: unused
Symfony\Component\DependencyInjection\Compiler\RemoveUnusedDefinitionsPass: Removed service "sensio_framework_extra.routing.loader.annot_dir"; reason: unused
Symfony\Component\DependencyInjection\Compiler\RemoveUnusedDefinitionsPass: Removed service "sensio_framework_extra.routing.loader.annot_file"; reason: unused
Symfony\Component\DependencyInjection\Compiler\RemoveUnusedDefinitionsPass: Removed service "ivory_google_map.helper.api"; reason: unused
Symfony\Component\DependencyInjection\Compiler\RemoveUnusedDefinitionsPass: Removed service "ivory_google_map.helper.bound"; reason: unused
Symfony\Component\DependencyInjection\Compiler\RemoveUnusedDefinitionsPass: Removed service "ivory_google_map.helper.point"; reason: unused
Symfony\Component\DependencyInjection\Compiler\RemoveUnusedDefinitionsPass: Removed service "ivory_google_map.helper.size"; reason: unused
Symfony\Component\DependencyInjection\Compiler\RemoveUnusedDefinitionsPass: Removed service "ivory_google_map.helper.map_type_control"; reason: unused
Symfony\Component\DependencyInjection\Compiler\RemoveUnusedDefinitionsPass: Removed service "ivory_google_map.helper.overview_map_control"; reason: unused
Symfony\Component\DependencyInjection\Compiler\RemoveUnusedDefinitionsPass: Removed service "ivory_google_map.helper.pan_control"; reason: unused
Symfony\Component\DependencyInjection\Compiler\RemoveUnusedDefinitionsPass: Removed service "ivory_google_map.helper.rotate_control"; reason: unused
Symfony\Component\DependencyInjection\Compiler\RemoveUnusedDefinitionsPass: Removed service "ivory_google_map.helper.scale_control"; reason: unused
Symfony\Component\DependencyInjection\Compiler\RemoveUnusedDefinitionsPass: Removed service "ivory_google_map.helper.street_view_control"; reason: unused
Symfony\Component\DependencyInjection\Compiler\RemoveUnusedDefinitionsPass: Removed service "ivory_google_map.helper.zoom_control"; reason: unused
Symfony\Component\DependencyInjection\Compiler\RemoveUnusedDefinitionsPass: Removed service "ivory_google_map.helper.map_type_control_style"; reason: unused
Symfony\Component\DependencyInjection\Compiler\RemoveUnusedDefinitionsPass: Removed service "ivory_google_map.helper.scale_control_style"; reason: unused
Symfony\Component\DependencyInjection\Compiler\RemoveUnusedDefinitionsPass: Removed service "ivory_google_map.helper.zoom_control_style"; reason: unused
Symfony\Component\DependencyInjection\Compiler\RemoveUnusedDefinitionsPass: Removed service "ivory_google_map.helper.event_manager"; reason: unused
Symfony\Component\DependencyInjection\Compiler\RemoveUnusedDefinitionsPass: Removed service "ivory_google_map.helper.kml_layer"; reason: unused
Symfony\Component\DependencyInjection\Compiler\RemoveUnusedDefinitionsPass: Removed service "ivory_google_map.helper.animation"; reason: unused
Symfony\Component\DependencyInjection\Compiler\RemoveUnusedDefinitionsPass: Removed service "ivory_google_map.helper.circle"; reason: unused
Symfony\Component\DependencyInjection\Compiler\RemoveUnusedDefinitionsPass: Removed service "ivory_google_map.helper.encoded_polyline"; reason: unused
Symfony\Component\DependencyInjection\Compiler\RemoveUnusedDefinitionsPass: Removed service "ivory_google_map.helper.encoding"; reason: unused
Symfony\Component\DependencyInjection\Compiler\RemoveUnusedDefinitionsPass: Removed service "ivory_google_map.helper.ground_overlay"; reason: unused
Symfony\Component\DependencyInjection\Compiler\RemoveUnusedDefinitionsPass: Removed service "ivory_google_map.helper.info_window"; reason: unused
Symfony\Component\DependencyInjection\Compiler\RemoveUnusedDefinitionsPass: Removed service "ivory_google_map.helper.marker"; reason: unused
Symfony\Component\DependencyInjection\Compiler\RemoveUnusedDefinitionsPass: Removed service "ivory_google_map.helper.marker_image"; reason: unused
Symfony\Component\DependencyInjection\Compiler\RemoveUnusedDefinitionsPass: Removed service "ivory_google_map.helper.marker_shape"; reason: unused
Symfony\Component\DependencyInjection\Compiler\RemoveUnusedDefinitionsPass: Removed service "ivory_google_map.helper.polygon"; reason: unused
Symfony\Component\DependencyInjection\Compiler\RemoveUnusedDefinitionsPass: Removed service "ivory_google_map.helper.polyline"; reason: unused
Symfony\Component\DependencyInjection\Compiler\RemoveUnusedDefinitionsPass: Removed service "ivory_google_map.helper.rectangle"; reason: unused
Symfony\Component\DependencyInjection\Compiler\RemoveUnusedDefinitionsPass: Removed service "ivory_google_map.geocoder.provider"; reason: unused
Symfony\Component\DependencyInjection\Compiler\RemoveUnusedDefinitionsPass: Removed service "ivory_google_map.geocoder.adapter"; reason: unused
Symfony\Component\DependencyInjection\Compiler\RemoveUnusedDefinitionsPass: Removed service "ivory_google_map.twig.extension"; reason: unused
Symfony\Component\DependencyInjection\Compiler\RemoveUnusedDefinitionsPass: Removed service "ivory_google_map.template.helper"; reason: unused
Symfony\Component\DependencyInjection\Compiler\RemoveUnusedDefinitionsPass: Removed service "assetic.twig_directory_resource.kernel"; reason: unused
Symfony\Component\DependencyInjection\Compiler\InlineServiceDefinitionsPass: Inlined service "templating.finder" to "cache_warmer".
Symfony\Component\DependencyInjection\Compiler\InlineServiceDefinitionsPass: Inlined service "templating.finder" to "cache_warmer".
Symfony\Component\DependencyInjection\Compiler\InlineServiceDefinitionsPass: Inlined service "sensio_framework_extra.routing.loader.annot_class" to "routing.loader".
Symfony\Component\DependencyInjection\Compiler\InlineServiceDefinitionsPass: Inlined service "sensio_framework_extra.routing.loader.annot_class" to "routing.loader".
Symfony\Component\DependencyInjection\Compiler\InlineServiceDefinitionsPass: Inlined service "sensio_framework_extra.routing.loader.annot_class" to "routing.loader".
Symfony\Component\DependencyInjection\Compiler\InlineServiceDefinitionsPass: Inlined service "security.user_checker" to "security.authentication.manager".
Symfony\Component\DependencyInjection\Compiler\InlineServiceDefinitionsPass: Inlined service "security.user_checker" to "security.authentication.manager".
Symfony\Component\DependencyInjection\Compiler\InlineServiceDefinitionsPass: Inlined service "security.access_map" to "security.firewall.map.context.area_seguridad".
Symfony\Component\DependencyInjection\Compiler\InlineServiceDefinitionsPass: Inlined service "security.http_utils" to "security.firewall.map.context.area_seguridad".
Symfony\Component\DependencyInjection\Compiler\InlineServiceDefinitionsPass: Inlined service "security.http_utils" to "security.firewall.map.context.area_seguridad".
Symfony\Component\DependencyInjection\Compiler\InlineServiceDefinitionsPass: Inlined service "security.authentication.rememberme.services.simplehash.area_seguridad" to "security.firewall.map.context.area_seguridad".
Symfony\Component\DependencyInjection\Compiler\InlineServiceDefinitionsPass: Inlined service "security.http_utils" to "security.firewall.map.context.area_seguridad".
Symfony\Component\DependencyInjection\Compiler\InlineServiceDefinitionsPass: Inlined service "security.http_utils" to "security.firewall.map.context.area_seguridad".
Symfony\Component\DependencyInjection\Compiler\InlineServiceDefinitionsPass: Inlined service "security.http_utils" to "security.firewall.map.context.area_seguridad".
Symfony\Component\DependencyInjection\Compiler\InlineServiceDefinitionsPass: Inlined service "security.authentication.rememberme.services.simplehash.area_seguridad" to "security.firewall.map.context.area_seguridad".
Symfony\Component\DependencyInjection\Compiler\InlineServiceDefinitionsPass: Inlined service "security.authentication.rememberme.services.simplehash.area_seguridad" to "security.firewall.map.context.area_seguridad".
Symfony\Component\DependencyInjection\Compiler\InlineServiceDefinitionsPass: Inlined service "security.access_map" to "security.firewall.map.context.area_seguridad".
Symfony\Component\DependencyInjection\Compiler\InlineServiceDefinitionsPass: Inlined service "security.http_utils" to "security.firewall.map.context.area_seguridad".
Symfony\Component\DependencyInjection\Compiler\InlineServiceDefinitionsPass: Inlined service "security.http_utils" to "security.firewall.map.context.area_seguridad".
Symfony\Component\DependencyInjection\Compiler\InlineServiceDefinitionsPass: Inlined service "doctrine.dbal.logger.profiling.default" to "doctrine.dbal.default_connection".
Symfony\Component\DependencyInjection\Compiler\InlineServiceDefinitionsPass: Inlined service "ivory_google_map.helper.coordinate" to "ivory_google_map.helper.map".
Symfony\Component\DependencyInjection\Compiler\InlineServiceDefinitionsPass: Inlined service "ivory_google_map.helper.coordinate" to "ivory_google_map.helper.map".
Symfony\Component\DependencyInjection\Compiler\InlineServiceDefinitionsPass: Inlined service "ivory_google_map.helper.map_type_id" to "ivory_google_map.helper.map".
Symfony\Component\DependencyInjection\Compiler\InlineServiceDefinitionsPass: Inlined service "ivory_google_map.helper.map_type_id" to "ivory_google_map.helper.map".
Symfony\Component\DependencyInjection\Compiler\InlineServiceDefinitionsPass: Inlined service "ivory_google_map.helper.control_position" to "ivory_google_map.helper.map".
Symfony\Component\DependencyInjection\Compiler\InlineServiceDefinitionsPass: Inlined service "ivory_google_map.helper.control_position" to "ivory_google_map.helper.map".
Symfony\Component\DependencyInjection\Compiler\InlineServiceDefinitionsPass: Inlined service "ivory_google_map.helper.control_position" to "ivory_google_map.helper.map".
Symfony\Component\DependencyInjection\Compiler\InlineServiceDefinitionsPass: Inlined service "ivory_google_map.helper.control_position" to "ivory_google_map.helper.map".
Symfony\Component\DependencyInjection\Compiler\InlineServiceDefinitionsPass: Inlined service "ivory_google_map.helper.control_position" to "ivory_google_map.helper.map".
Symfony\Component\DependencyInjection\Compiler\InlineServiceDefinitionsPass: Inlined service "ivory_google_map.helper.control_position" to "ivory_google_map.helper.map".
Symfony\Component\DependencyInjection\Compiler\InlineServiceDefinitionsPass: Inlined service "annotations.reader" to "annotation_reader".
Symfony\Component\DependencyInjection\Compiler\InlineServiceDefinitionsPass: Inlined service "swiftmailer.transport.buffer" to "swiftmailer.transport.real".
Symfony\Component\DependencyInjection\Compiler\RemoveUnusedDefinitionsPass: Removed service "templating.finder"; reason: unused
Symfony\Component\DependencyInjection\Compiler\RemoveUnusedDefinitionsPass: Removed service "templating.debugger"; reason: unused
Symfony\Component\DependencyInjection\Compiler\RemoveUnusedDefinitionsPass: Removed service "annotations.reader"; reason: unused
Symfony\Component\DependencyInjection\Compiler\RemoveUnusedDefinitionsPass: Removed service "security.user_checker"; reason: unused
Symfony\Component\DependencyInjection\Compiler\RemoveUnusedDefinitionsPass: Removed service "security.http_utils"; reason: unused
Symfony\Component\DependencyInjection\Compiler\RemoveUnusedDefinitionsPass: Removed service "security.access_map"; reason: unused
Symfony\Component\DependencyInjection\Compiler\RemoveUnusedDefinitionsPass: Removed service "security.authentication.rememberme.services.simplehash.area_seguridad"; reason: unused
Symfony\Component\DependencyInjection\Compiler\RemoveUnusedDefinitionsPass: Removed service "swiftmailer.transport.buffer"; reason: unused
Symfony\Component\DependencyInjection\Compiler\RemoveUnusedDefinitionsPass: Removed service "doctrine.dbal.logger.profiling.default"; reason: unused
Symfony\Component\DependencyInjection\Compiler\RemoveUnusedDefinitionsPass: Removed service "sensio_framework_extra.routing.loader.annot_class"; reason: unused
Symfony\Component\DependencyInjection\Compiler\RemoveUnusedDefinitionsPass: Removed service "ivory_google_map.helper.coordinate"; reason: unused
Symfony\Component\DependencyInjection\Compiler\RemoveUnusedDefinitionsPass: Removed service "ivory_google_map.helper.control_position"; reason: unused
Symfony\Component\DependencyInjection\Compiler\RemoveUnusedDefinitionsPass: Removed service "ivory_google_map.helper.map_type_id"; reason: unused